2020-05-17 16:09:51,219 [6] INFO  WebApplication.Common.WriteLog [(null)] - http://localhost:61694/Members/Index ::1 access
2020-05-17 16:10:44,716 [6] INFO  WebApplication.Common.WriteLog [(null)] - http://localhost:61694/Members/Index ::1 access
2020-05-17 16:10:47,576 [7] INFO  WebApplication.Common.WriteLog [(null)] - http://localhost:61694/Members/Gets ::1 access
2020-05-17 16:12:09,172 [7] INFO  WebApplication.Common.WriteLog [(null)] - http://localhost:61694/Members/Index ::1 access
2020-05-17 16:12:10,509 [7] INFO  WebApplication.Common.WriteLog [(null)] - http://localhost:61694/Members/Gets ::1 access
2020-05-17 16:13:37,653 [7] INFO  WebApplication.Common.WriteLog [(null)] - http://localhost:61694/Members/Index ::1 access
2020-05-17 16:13:39,114 [9] INFO  WebApplication.Common.WriteLog [(null)] - http://localhost:61694/Members/Gets ::1 access
2020-05-17 16:14:12,234 [7] INFO  WebApplication.Common.WriteLog [(null)] - http://localhost:61694/Members/Index ::1 access
2020-05-17 16:14:12,752 [7] INFO  WebApplication.Common.WriteLog [(null)] - http://localhost:61694/Members/Gets ::1 access
2020-05-17 16:14:49,691 [7] INFO  WebApplication.Common.WriteLog [(null)] - http://localhost:61694/Members/Index ::1 access
2020-05-17 16:14:52,054 [6] INFO  WebApplication.Common.WriteLog [(null)] - http://localhost:61694/Members/Gets ::1 access
2020-05-17 16:15:55,936 [6] INFO  WebApplication.Common.WriteLog [(null)] - http://localhost:61694/Members/Index ::1 access
2020-05-17 16:15:58,778 [8] INFO  WebApplication.Common.WriteLog [(null)] - http://localhost:61694/Members/Gets ::1 access
2020-05-17 16:18:33,533 [6] INFO  WebApplication.Common.WriteLog [(null)] - http://localhost:61694/Members/Index ::1 access
2020-05-17 16:18:33,967 [7] INFO  WebApplication.Common.WriteLog [(null)] - http://localhost:61694/Members/Gets ::1 access
2020-05-17 16:20:56,731 [6] INFO  WebApplication.Common.WriteLog [(null)] - http://localhost:61694/Members/Index ::1 access
2020-05-17 16:20:59,599 [8] INFO  WebApplication.Common.WriteLog [(null)] - http://localhost:61694/Members/Gets ::1 access
2020-05-17 16:23:55,176 [6] INFO  WebApplication.Common.WriteLog [(null)] - http://localhost:61694/Members/Index ::1 access
2020-05-17 16:23:58,007 [6] INFO  WebApplication.Common.WriteLog [(null)] - http://localhost:61694/Members/Gets ::1 access
2020-05-17 16:24:01,841 [6] INFO  WebApplication.Common.WriteLog [(null)] - http://localhost:61694/Members/Modal ::1 access
2020-05-17 16:24:02,636 [9] INFO  WebApplication.Common.WriteLog [(null)] - http://localhost:61694/Members/Modal ::1 access
2020-05-17 16:24:03,071 [7] INFO  WebApplication.Common.WriteLog [(null)] - http://localhost:61694/Members/Modal ::1 access
2020-05-17 16:24:03,239 [8] INFO  WebApplication.Common.WriteLog [(null)] - http://localhost:61694/Members/Modal ::1 access
2020-05-17 16:25:31,448 [6] INFO  WebApplication.Common.WriteLog [(null)] - http://localhost:61694/Members/Index ::1 access
2020-05-17 16:25:31,845 [6] INFO  WebApplication.Common.WriteLog [(null)] - http://localhost:61694/Members/Gets ::1 access
2020-05-17 16:25:35,892 [7] INFO  WebApplication.Common.WriteLog [(null)] - http://localhost:61694/Members/Modal ::1 access
2020-05-17 16:29:17,422 [6] INFO  WebApplication.Common.WriteLog [(null)] - http://localhost:61694/Members/Index ::1 access
2020-05-17 16:29:18,455 [8] INFO  WebApplication.Common.WriteLog [(null)] - http://localhost:61694/Members/Gets ::1 access
2020-05-17 16:29:27,369 [6] INFO  WebApplication.Common.WriteLog [(null)] - http://localhost:61694/Members/Modal ::1 access
2020-05-17 16:30:30,975 [7] INFO  WebApplication.Common.WriteLog [(null)] - http://localhost:61694/Members/Modal ::1 access
2020-05-17 16:31:18,838 [6] INFO  WebApplication.Common.WriteLog [(null)] - http://localhost:61694/Members/Index ::1 access
2020-05-17 16:31:21,677 [6] INFO  WebApplication.Common.WriteLog [(null)] - http://localhost:61694/Members/Gets ::1 access
2020-05-17 16:31:24,745 [6] INFO  WebApplication.Common.WriteLog [(null)] - http://localhost:61694/Members/Modal ::1 access
2020-05-17 16:31:32,252 [6] INFO  WebApplication.Common.WriteLog [(null)] - http://localhost:61694/Members/Create ::1 access
2020-05-17 16:31:32,560 [9] INFO  WebApplication.Common.WriteLog [(null)] - http://localhost:61694/Members/Gets ::1 access
2020-05-17 16:31:35,271 [7] INFO  WebApplication.Common.WriteLog [(null)] - http://localhost:61694/Members/Modal ::1 access
2020-05-17 16:31:49,330 [7] INFO  WebApplication.Common.WriteLog [(null)] - http://localhost:61694/Members/Modal?id=1 ::1 access
2020-05-17 16:32:41,471 [8] INFO  WebApplication.Common.WriteLog [(null)] - http://localhost:61694/Members/Index ::1 access
2020-05-17 16:32:42,708 [7] INFO  WebApplication.Common.WriteLog [(null)] - http://localhost:61694/Members/Gets ::1 access
2020-05-17 16:32:49,133 [7] INFO  WebApplication.Common.WriteLog [(null)] - http://localhost:61694/Members/Modal?id=1 ::1 access
2020-05-17 16:32:54,362 [6] INFO  WebApplication.Common.WriteLog [(null)] - http://localhost:61694/Members/Edit ::1 access
2020-05-17 16:32:54,676 [8] INFO  WebApplication.Common.WriteLog [(null)] - http://localhost:61694/Members/Gets ::1 access
2020-05-17 16:33:00,261 [9] INFO  WebApplication.Common.WriteLog [(null)] - http://localhost:61694/Members/Index ::1 access
2020-05-17 16:33:00,422 [11] INFO  WebApplication.Common.WriteLog [(null)] - http://localhost:61694/Members/Gets ::1 access
2020-05-17 16:33:03,453 [7] INFO  WebApplication.Common.WriteLog [(null)] - http://localhost:61694/Members/Modal ::1 access
2020-05-17 16:33:08,504 [7] INFO  WebApplication.Common.WriteLog [(null)] - http://localhost:61694/Members/Index ::1 access
2020-05-17 16:33:08,721 [9] INFO  WebApplication.Common.WriteLog [(null)] - http://localhost:61694/Members/Gets ::1 access
2020-05-17 16:33:10,211 [7] INFO  WebApplication.Common.WriteLog [(null)] - http://localhost:61694/Members/Modal ::1 access
2020-05-17 16:39:54,320 [7] INFO  WebApplication.Common.WriteLog [(null)] - http://localhost:61694/Members/Index ::1 access
2020-05-17 16:39:57,767 [6] INFO  WebApplication.Common.WriteLog [(null)] - http://localhost:61694/Members/Gets ::1 access
2020-05-17 16:40:32,085 [6] INFO  WebApplication.Common.WriteLog [(null)] - http://localhost:61694/FileUploads/Index ::1 access
2020-05-17 16:45:29,282 [19] INFO  WebApplication.Common.WriteLog [(null)] - http://localhost:61694/FileUploads/Upload ::1 access
2020-05-17 16:45:59,807 [5] INFO  WebApplication.Common.WriteLog [(null)] - http://localhost:61694/FileUploads/Index ::1 access
2020-05-17 16:46:15,958 [5] INFO  WebApplication.Common.WriteLog [(null)] - http://localhost:61694/FileUploads/Upload ::1 access
2020-05-17 16:46:21,556 [5] INFO  WebApplication.Common.WriteLog [(null)] - http://localhost:61694/FileUploads/Upload ::1 access
2020-05-17 16:52:52,299 [8] INFO  WebApplication.Common.WriteLog [(null)] - http://localhost:61694/FileUploads/Index ::1 access
2020-05-17 16:53:21,715 [10] INFO  WebApplication.Common.WriteLog [(null)] - http://localhost:61694/FileUploads/Index ::1 access
2020-05-17 17:01:43,457 [7] INFO  WebApplication.Common.WriteLog [(null)] - http://localhost:61694/FileUploads/Index ::1 access
2020-05-17 17:01:50,322 [8] INFO  WebApplication.Common.WriteLog [(null)] - http://localhost:61694/FileUploads/Upload ::1 access
2020-05-17 17:02:07,721 [8] INFO  WebApplication.Common.WriteLog [(null)] - http://localhost:61694/FileUploads/Upload ::1 access
2020-05-17 17:13:47,223 [7] INFO  WebApplication.Common.WriteLog [(null)] - http://localhost:61694/FileUploads/Upload ::1 access
2020-05-17 17:14:40,812 [12] INFO  WebApplication.Common.WriteLog [(null)] - http://localhost:61694/FileUploads/Index ::1 access
2020-05-17 17:14:47,688 [7] INFO  WebApplication.Common.WriteLog [(null)] - http://localhost:61694/FileUploads/Index ::1 access
2020-05-17 17:14:55,369 [7] INFO  WebApplication.Common.WriteLog [(null)] - http://localhost:61694/FileUploads/Index ::1 access
2020-05-17 17:15:09,701 [7] INFO  WebApplication.Common.WriteLog [(null)] - http://localhost:61694/FileUploads/Index ::1 access
2020-05-17 17:15:52,639 [7] INFO  WebApplication.Common.WriteLog [(null)] - http://localhost:61694/FileUploads/Index ::1 access
2020-05-17 17:16:59,923 [7] INFO  WebApplication.Common.WriteLog [(null)] - http://localhost:61694/FileUploads/Index ::1 access
2020-05-17 17:17:06,309 [7] INFO  WebApplication.Common.WriteLog [(null)] - http://localhost:61694/FileUploads/Upload ::1 access
2020-05-17 17:17:20,931 [9] INFO  WebApplication.Common.WriteLog [(null)] - http://localhost:61694/FileUploads/Index ::1 access
2020-05-17 17:17:49,149 [7] INFO  WebApplication.Common.WriteLog [(null)] - http://localhost:61694/FileUploads/Upload ::1 access
2020-05-17 17:18:27,904 [11] INFO  WebApplication.Common.WriteLog [(null)] - http://localhost:61694/FileUploads/Upload 127.0.0.1 access
2020-05-17 17:20:02,231 [10] INFO  WebApplication.Common.WriteLog [(null)] - http://localhost:61694/FileUploads/Index ::1 access
2020-05-17 17:23:51,158 [10] INFO  WebApplication.Common.WriteLog [(null)] - http://localhost:61694/FileUploads/Index ::1 access
2020-05-17 17:24:52,399 [7] INFO  WebApplication.Common.WriteLog [(null)] - http://localhost:61694/FileUploads/Index ::1 access
2020-05-17 17:24:58,747 [6] INFO  WebApplication.Common.WriteLog [(null)] - http://localhost:61694/FileUploads/Upload ::1 access
2020-05-17 17:25:17,971 [7] INFO  WebApplication.Common.WriteLog [(null)] - http://localhost:61694/FileUploads/Index ::1 access
2020-05-17 17:28:31,702 [6] INFO  WebApplication.Common.WriteLog [(null)] - http://localhost:61694/FileUploads/Index ::1 access
2020-05-17 17:28:43,176 [6] INFO  WebApplication.Common.WriteLog [(null)] - http://localhost:61694/FileUploads/Upload ::1 access
